C:\USERS\STUDENT\DOCUMENTS\GITHUB\AIE\OGL2DE\DEBUG\OGL2DE.EXE
C:\USERS\STUDENT\DOCUMENTS\GITHUB\AIE\OGL2DE\DEBUG\OGL2DE.ILK
C:\USERS\STUDENT\DOCUMENTS\GITHUB\AIE\OGL2DE\DEBUG\OGL2DE.PDB
C:\Users\Student\Documents\GitHub\AIE\OGL2DE\OGL2DE\Debug\cl.command.1.tlog
C:\Users\Student\Documents\GitHub\AIE\OGL2DE\OGL2DE\Debug\CL.read.1.tlog
C:\Users\Student\Documents\GitHub\AIE\OGL2DE\OGL2DE\Debug\CL.write.1.tlog
C:\USERS\STUDENT\DOCUMENTS\GITHUB\AIE\OGL2DE\OGL2DE\DEBUG\GLLOG.OBJ
C:\Users\Student\Documents\GitHub\AIE\OGL2DE\OGL2DE\Debug\link.command.1.tlog
C:\Users\Student\Documents\GitHub\AIE\OGL2DE\OGL2DE\Debug\link.read.1.tlog
C:\Users\Student\Documents\GitHub\AIE\OGL2DE\OGL2DE\Debug\link.write.1.tlog
C:\USERS\STUDENT\DOCUMENTS\GITHUB\AIE\OGL2DE\OGL2DE\DEBUG\MAIN.OBJ
C:\USERS\STUDENT\DOCUMENTS\GITHUB\AIE\OGL2DE\OGL2DE\DEBUG\MISC.OBJ
C:\Users\Student\Documents\GitHub\AIE\OGL2DE\OGL2DE\Debug\mt.command.1.tlog
C:\Users\Student\Documents\GitHub\AIE\OGL2DE\OGL2DE\Debug\mt.read.1.tlog
C:\Users\Student\Documents\GitHub\AIE\OGL2DE\OGL2DE\Debug\mt.write.1.tlog
C:\USERS\STUDENT\DOCUMENTS\GITHUB\AIE\OGL2DE\OGL2DE\DEBUG\OGL2DE.EXE.INTERMEDIATE.MANIFEST
C:\USERS\STUDENT\DOCUMENTS\GITHUB\AIE\OGL2DE\OGL2DE\DEBUG\PLAYER.OBJ
C:\USERS\STUDENT\DOCUMENTS\GITHUB\AIE\OGL2DE\OGL2DE\DEBUG\QUAD.OBJ
C:\USERS\STUDENT\DOCUMENTS\GITHUB\AIE\OGL2DE\OGL2DE\DEBUG\SHADER.OBJ
C:\USERS\STUDENT\DOCUMENTS\GITHUB\AIE\OGL2DE\OGL2DE\DEBUG\SPRITE.OBJ
C:\USERS\STUDENT\DOCUMENTS\GITHUB\AIE\OGL2DE\OGL2DE\DEBUG\TEXT2D.OBJ
C:\USERS\STUDENT\DOCUMENTS\GITHUB\AIE\OGL2DE\OGL2DE\DEBUG\TEXTURE.OBJ
C:\Users\Student\Documents\GitHub\AIE\OGL2DE\OGL2DE\Debug\vc100.idb
C:\USERS\STUDENT\DOCUMENTS\GITHUB\AIE\OGL2DE\OGL2DE\DEBUG\VC100.PDB
