Build started 3/4/2014 12:40:06 PM.
     1>Project "C:\Users\Student\Documents\GitHub\AIE\OGL2DE\OGL2DE\OGL2DE.vcxproj" on node 2 (build target(s)).
     1>InitializeBuildStatus:
         Creating "Debug\OGL2DE.unsuccessfulbuild" because "AlwaysCreate" was specified.
       ClCompile:
         C:\Program Files (x86)\Microsoft Visual Studio 10.0\VC\bin\CL.exe /c /ZI /nologo /W3 /WX- /Od /Oy- /D _MBCS /Gm /EHsc /RTC1 /MDd /GS /fp:precise /Zc:wchar_t /Zc:forScope /Fo"Debug\\" /Fd"Debug\vc100.pdb" /Gd /TP /analyze- /errorReport:prompt source\main.cpp
         main.cpp
       Link:
         C:\Program Files (x86)\Microsoft Visual Studio 10.0\VC\bin\link.exe /ERRORREPORT:PROMPT /OUT:"C:\Users\Student\Documents\GitHub\AIE\OGL2DE\Debug\OGL2DE.exe" /NOLOGO tinyxml2.lib glew32.lib glfw3dll.lib opengl32.lib SOIL.lib kernel32.lib user32.lib gdi32.lib winspool.lib comdlg32.lib advapi32.lib shell32.lib ole32.lib oleaut32.lib uuid.lib odbc32.lib odbccp32.lib /MANIFEST /ManifestFile:"Debug\OGL2DE.exe.intermediate.manifest" /MANIFESTUAC:"level='asInvoker' uiAccess='false'" /DEBUG /PDB:"C:\Users\Student\Documents\GitHub\AIE\OGL2DE\Debug\OGL2DE.pdb" /TLBID:1 /DYNAMICBASE /NXCOMPAT /IMPLIB:"C:\Users\Student\Documents\GitHub\AIE\OGL2DE\Debug\OGL2DE.lib" /MACHINE:X86 Debug\GLLog.obj
         Debug\main.obj
         Debug\Misc.obj
         Debug\Player.obj
         Debug\Quad.obj
         Debug\Shader.obj
         Debug\Sprite.obj
         Debug\Text2D.obj
         Debug\Texture.obj
         LINK : C:\Users\Student\Documents\GitHub\AIE\OGL2DE\Debug\OGL2DE.exe not found or not built by the last incremental link; performing full link
         OGL2DE.vcxproj -> C:\Users\Student\Documents\GitHub\AIE\OGL2DE\Debug\OGL2DE.exe
       Manifest:
         C:\Program Files (x86)\Microsoft SDKs\Windows\v7.0A\bin\mt.exe /nologo /verbose /outputresource:"C:\Users\Student\Documents\GitHub\AIE\OGL2DE\Debug\OGL2DE.exe;#1" /manifest Debug\OGL2DE.exe.intermediate.manifest
       FinalizeBuildStatus:
         Deleting file "Debug\OGL2DE.unsuccessfulbuild".
         Touching "Debug\OGL2DE.lastbuildstate".
     1>Done Building Project "C:\Users\Student\Documents\GitHub\AIE\OGL2DE\OGL2DE\OGL2DE.vcxproj" (build target(s)).

Build succeeded.

Time Elapsed 00:00:01.10
